# JRE version: OpenJDK Runtime Environment Temurin-21.0.8+9 (21.0.8+9) (build 21.0.8+9-LTS)
# Java VM: OpenJDK 64-Bit Server VM Temurin-21.0.8+9 (21.0.8+9-LTS, mixed mode, sharing, tiered, compressed oops, compressed class ptrs, parallel gc, windows-amd64)
GC Precious Log:
 CardTable entry size: 512
 CPUs: 4 total, 4 available
 Memory: 3962M
 Large Page Support: Disabled
 NUMA Support: Disabled
 Compressed Oops: Enabled (32-bit)
 Alignments: Space 512K, Generation 512K, Heap 2M
 Heap Min Capacity: 100M
 Heap Initial Capacity: 100M
 Heap Max Capacity: 2G
 Pre-touch: Disabled
 Parallel Workers: 4
Heap:
 PSYoungGen      total 5632K, used 5184K [0x00000000d5580000, 0x00000000d5c80000, 0x0000000100000000)
  eden space 4608K, 100% used [0x00000000d5580000,0x00000000d5a00000,0x00000000d5a00000)
  from space 1024K, 56% used [0x00000000d5b80000,0x00000000d5c10000,0x00000000d5c80000)
  to   space 1024K, 0% used [0x00000000d5a80000,0x00000000d5a80000,0x00000000d5b80000)
 ParOldGen       total 555008K, used 554766K [0x0000000080000000, 0x00000000a1e00000, 0x00000000d5580000)
  object space 555008K, 99% used [0x0000000080000000,0x00000000a1dc3970,0x00000000a1e00000)
 Metaspace       used 70485K, committed 72000K, reserved 1114112K
  class space    used 7496K, committed 8128K, reserved 1048576K
GC Heap History (20 events):
Event: 345.805 GC heap before
{Heap before GC invocations=1148 (full 3):
 PSYoungGen      total 5120K, used 4832K [0x00000000d5580000, 0x00000000d5c00000, 0x0000000100000000)
  eden space 4608K, 100% used [0x00000000d5580000,0x00000000d5a00000,0x00000000d5a00000)
  from space 512K, 43% used [0x00000000d5b80000,0x00000000d5bb8000,0x00000000d5c00000)
  to   space 512K, 0% used [0x00000000d5b00000,0x00000000d5b00000,0x00000000d5b80000)
 ParOldGen       total 550912K, used 550430K [0x0000000080000000, 0x00000000a1a00000, 0x00000000d5580000)
  object space 550912K, 99% used [0x0000000080000000,0x00000000a1987988,0x00000000a1a00000)
 Metaspace       used 70485K, committed 72000K, reserved 1114112K
  class space    used 7496K, committed 8128K, reserved 1048576K
}
Event: 345.808 GC heap after
{Heap after GC invocations=1148 (full 3):
 PSYoungGen      total 5120K, used 480K [0x00000000d5580000, 0x00000000d5c00000, 0x0000000100000000)
  eden space 4608K, 0% used [0x00000000d5580000,0x00000000d5580000,0x00000000d5a00000)
  from space 512K, 93% used [0x00000000d5b00000,0x00000000d5b78000,0x00000000d5b80000)
  to   space 512K, 0% used [0x00000000d5b80000,0x00000000d5b80000,0x00000000d5c00000)
 ParOldGen       total 550912K, used 550531K [0x0000000080000000, 0x00000000a1a00000, 0x00000000d5580000)
  object space 550912K, 99% used [0x0000000080000000,0x00000000a19a0f98,0x00000000a1a00000)
 Metaspace       used 70485K, committed 72000K, reserved 1114112K
  class space    used 7496K, committed 8128K, reserved 1048576K
}
Event: 345.933 GC heap before
{Heap before GC invocations=1149 (full 3):
 PSYoungGen      total 5120K, used 5080K [0x00000000d5580000, 0x00000000d5c00000, 0x0000000100000000)
  eden space 4608K, 99% used [0x00000000d5580000,0x00000000d59fe168,0x00000000d5a00000)
  from space 512K, 93% used [0x00000000d5b00000,0x00000000d5b78000,0x00000000d5b80000)
  to   space 512K, 0% used [0x00000000d5b80000,0x00000000d5b80000,0x00000000d5c00000)
 ParOldGen       total 550912K, used 550531K [0x0000000080000000, 0x00000000a1a00000, 0x00000000d5580000)
  object space 550912K, 99% used [0x0000000080000000,0x00000000a19a0f98,0x00000000a1a00000)
 Metaspace       used 70485K, committed 72000K, reserved 1114112K
  class space    used 7496K, committed 8128K, reserved 1048576K
}
Event: 345.939 GC heap after
{Heap after GC invocations=1149 (full 3):
 PSYoungGen      total 5120K, used 128K [0x00000000d5580000, 0x00000000d5c00000, 0x0000000100000000)
  eden space 4608K, 0% used [0x00000000d5580000,0x00000000d5580000,0x00000000d5a00000)
  from space 512K, 25% used [0x00000000d5b80000,0x00000000d5ba0000,0x00000000d5c00000)
  to   space 512K, 0% used [0x00000000d5b00000,0x00000000d5b00000,0x00000000d5b80000)
 ParOldGen       total 550912K, used 550627K [0x0000000080000000, 0x00000000a1a00000, 0x00000000d5580000)
  object space 550912K, 99% used [0x0000000080000000,0x00000000a19b8f98,0x00000000a1a00000)
 Metaspace       used 70485K, committed 72000K, reserved 1114112K
  class space    used 7496K, committed 8128K, reserved 1048576K
}
Event: 346.008 GC heap before
{Heap before GC invocations=1150 (full 3):
 PSYoungGen      total 5120K, used 4736K [0x00000000d5580000, 0x00000000d5c00000, 0x0000000100000000)
  eden space 4608K, 100% used [0x00000000d5580000,0x00000000d5a00000,0x00000000d5a00000)
  from space 512K, 25% used [0x00000000d5b80000,0x00000000d5ba0000,0x00000000d5c00000)
  to   space 512K, 0% used [0x00000000d5b00000,0x00000000d5b00000,0x00000000d5b80000)
 ParOldGen       total 550912K, used 550627K [0x0000000080000000, 0x00000000a1a00000, 0x00000000d5580000)
  object space 550912K, 99% used [0x0000000080000000,0x00000000a19b8f98,0x00000000a1a00000)
 Metaspace       used 70485K, committed 72000K, reserved 1114112K
  class space    used 7496K, committed 8128K, reserved 1048576K
}
Event: 346.012 GC heap after
{Heap after GC invocations=1150 (full 3):
 PSYoungGen      total 5120K, used 482K [0x00000000d5580000, 0x00000000d5c00000, 0x0000000100000000)
  eden space 4608K, 0% used [0x00000000d5580000,0x00000000d5580000,0x00000000d5a00000)
  from space 512K, 94% used [0x00000000d5b00000,0x00000000d5b78a08,0x00000000d5b80000)
  to   space 512K, 0% used [0x00000000d5b80000,0x00000000d5b80000,0x00000000d5c00000)
 ParOldGen       total 551424K, used 550931K [0x0000000080000000, 0x00000000a1a80000, 0x00000000d5580000)
  object space 551424K, 99% used [0x0000000080000000,0x00000000a1a04f98,0x00000000a1a80000)
 Metaspace       used 70485K, committed 72000K, reserved 1114112K
  class space    used 7496K, committed 8128K, reserved 1048576K
}
Event: 346.058 GC heap before
{Heap before GC invocations=1151 (full 3):
 PSYoungGen      total 5120K, used 5090K [0x00000000d5580000, 0x00000000d5c00000, 0x0000000100000000)
  eden space 4608K, 100% used [0x00000000d5580000,0x00000000d5a00000,0x00000000d5a00000)
  from space 512K, 94% used [0x00000000d5b00000,0x00000000d5b78a08,0x00000000d5b80000)
  to   space 512K, 0% used [0x00000000d5b80000,0x00000000d5b80000,0x00000000d5c00000)
 ParOldGen       total 551424K, used 550931K [0x0000000080000000, 0x00000000a1a80000, 0x00000000d5580000)
  object space 551424K, 99% used [0x0000000080000000,0x00000000a1a04f98,0x00000000a1a80000)
 Metaspace       used 70485K, committed 72000K, reserved 1114112K
  class space    used 7496K, committed 8128K, reserved 1048576K
}
Event: 346.063 GC heap after
{Heap after GC invocations=1151 (full 3):
 PSYoungGen      total 5120K, used 502K [0x00000000d5580000, 0x00000000d5d00000, 0x0000000100000000)
  eden space 4608K, 0% used [0x00000000d5580000,0x00000000d5580000,0x00000000d5a00000)
  from space 512K, 98% used [0x00000000d5b80000,0x00000000d5bfd808,0x00000000d5c00000)
  to   space 1536K, 0% used [0x00000000d5a00000,0x00000000d5a00000,0x00000000d5b80000)
 ParOldGen       total 551424K, used 551410K [0x0000000080000000, 0x00000000a1a80000, 0x00000000d5580000)
  object space 551424K, 99% used [0x0000000080000000,0x00000000a1a7c948,0x00000000a1a80000)
 Metaspace       used 70485K, committed 72000K, reserved 1114112K
  class space    used 7496K, committed 8128K, reserved 1048576K
}
Event: 346.097 GC heap before
{Heap before GC invocations=1152 (full 3):
 PSYoungGen      total 5120K, used 5110K [0x00000000d5580000, 0x00000000d5d00000, 0x0000000100000000)
  eden space 4608K, 100% used [0x00000000d5580000,0x00000000d5a00000,0x00000000d5a00000)
  from space 512K, 98% used [0x00000000d5b80000,0x00000000d5bfd808,0x00000000d5c00000)
  to   space 1536K, 0% used [0x00000000d5a00000,0x00000000d5a00000,0x00000000d5b80000)
 ParOldGen       total 551424K, used 551410K [0x0000000080000000, 0x00000000a1a80000, 0x00000000d5580000)
  object space 551424K, 99% used [0x0000000080000000,0x00000000a1a7c948,0x00000000a1a80000)
 Metaspace       used 70485K, committed 72000K, reserved 1114112K
  class space    used 7496K, committed 8128K, reserved 1048576K
}
Event: 346.101 GC heap after
{Heap after GC invocations=1152 (full 3):
 PSYoungGen      total 5632K, used 576K [0x00000000d5580000, 0x00000000d5c00000, 0x0000000100000000)
  eden space 4608K, 0% used [0x00000000d5580000,0x00000000d5580000,0x00000000d5a00000)
  from space 1024K, 56% used [0x00000000d5a00000,0x00000000d5a90000,0x00000000d5b00000)
  to   space 1024K, 0% used [0x00000000d5b00000,0x00000000d5b00000,0x00000000d5c00000)
 ParOldGen       total 551936K, used 551928K [0x0000000080000000, 0x00000000a1b00000, 0x00000000d5580000)
  object space 551936K, 99% used [0x0000000080000000,0x00000000a1afe150,0x00000000a1b00000)
 Metaspace       used 70485K, committed 72000K, reserved 1114112K
  class space    used 7496K, committed 8128K, reserved 1048576K
}
Event: 346.151 GC heap before
{Heap before GC invocations=1153 (full 3):
 PSYoungGen      total 5632K, used 5184K [0x00000000d5580000, 0x00000000d5c00000, 0x0000000100000000)
  eden space 4608K, 100% used [0x00000000d5580000,0x00000000d5a00000,0x00000000d5a00000)
  from space 1024K, 56% used [0x00000000d5a00000,0x00000000d5a90000,0x00000000d5b00000)
  to   space 1024K, 0% used [0x00000000d5b00000,0x00000000d5b00000,0x00000000d5c00000)
 ParOldGen       total 551936K, used 551928K [0x0000000080000000, 0x00000000a1b00000, 0x00000000d5580000)
  object space 551936K, 99% used [0x0000000080000000,0x00000000a1afe150,0x00000000a1b00000)
 Metaspace       used 70485K, committed 72000K, reserved 1114112K
  class space    used 7496K, committed 8128K, reserved 1048576K
}
Event: 346.155 GC heap after
{Heap after GC invocations=1153 (full 3):
 PSYoungGen      total 5632K, used 608K [0x00000000d5580000, 0x00000000d5c00000, 0x0000000100000000)
  eden space 4608K, 0% used [0x00000000d5580000,0x00000000d5580000,0x00000000d5a00000)
  from space 1024K, 59% used [0x00000000d5b00000,0x00000000d5b98000,0x00000000d5c00000)
  to   space 1024K, 0% used [0x00000000d5a00000,0x00000000d5a00000,0x00000000d5b00000)
 ParOldGen       total 552448K, used 552424K [0x0000000080000000, 0x00000000a1b80000, 0x00000000d5580000)
  object space 552448K, 99% used [0x0000000080000000,0x00000000a1b7a150,0x00000000a1b80000)
 Metaspace       used 70485K, committed 72000K, reserved 1114112K
  class space    used 7496K, committed 8128K, reserved 1048576K
}
Event: 346.207 GC heap before
{Heap before GC invocations=1154 (full 3):
 PSYoungGen      total 5632K, used 5202K [0x00000000d5580000, 0x00000000d5c00000, 0x0000000100000000)
  eden space 4608K, 99% used [0x00000000d5580000,0x00000000d59fcbe8,0x00000000d5a00000)
  from space 1024K, 59% used [0x00000000d5b00000,0x00000000d5b98000,0x00000000d5c00000)
  to   space 1024K, 0% used [0x00000000d5a00000,0x00000000d5a00000,0x00000000d5b00000)
 ParOldGen       total 552448K, used 552424K [0x0000000080000000, 0x00000000a1b80000, 0x00000000d5580000)
  object space 552448K, 99% used [0x0000000080000000,0x00000000a1b7a150,0x00000000a1b80000)
 Metaspace       used 70485K, committed 72000K, reserved 1114112K
  class space    used 7496K, committed 8128K, reserved 1048576K
}
Event: 346.211 GC heap after
{Heap after GC invocations=1154 (full 3):
 PSYoungGen      total 5632K, used 1007K [0x00000000d5580000, 0x00000000d5e00000, 0x0000000100000000)
  eden space 4608K, 0% used [0x00000000d5580000,0x00000000d5580000,0x00000000d5a00000)
  from space 1024K, 98% used [0x00000000d5a00000,0x00000000d5afbd08,0x00000000d5b00000)
  to   space 2048K, 0% used [0x00000000d5c00000,0x00000000d5c00000,0x00000000d5e00000)
 ParOldGen       total 553472K, used 553146K [0x0000000080000000, 0x00000000a1c80000, 0x00000000d5580000)
  object space 553472K, 99% used [0x0000000080000000,0x00000000a1c2eb50,0x00000000a1c80000)
 Metaspace       used 70485K, committed 72000K, reserved 1114112K
  class space    used 7496K, committed 8128K, reserved 1048576K
}
Event: 346.470 GC heap before
{Heap before GC invocations=1155 (full 3):
 PSYoungGen      total 5632K, used 5615K [0x00000000d5580000, 0x00000000d5e00000, 0x0000000100000000)
  eden space 4608K, 100% used [0x00000000d5580000,0x00000000d5a00000,0x00000000d5a00000)
  from space 1024K, 98% used [0x00000000d5a00000,0x00000000d5afbd08,0x00000000d5b00000)
  to   space 2048K, 0% used [0x00000000d5c00000,0x00000000d5c00000,0x00000000d5e00000)
 ParOldGen       total 553472K, used 553146K [0x0000000080000000, 0x00000000a1c80000, 0x00000000d5580000)
  object space 553472K, 99% used [0x0000000080000000,0x00000000a1c2eb50,0x00000000a1c80000)
 Metaspace       used 70485K, committed 72000K, reserved 1114112K
  class space    used 7496K, committed 8128K, reserved 1048576K
}
Event: 346.475 GC heap after
{Heap after GC invocations=1155 (full 3):
 PSYoungGen      total 5632K, used 645K [0x00000000d5580000, 0x00000000d5d00000, 0x0000000100000000)
  eden space 4608K, 0% used [0x00000000d5580000,0x00000000d5580000,0x00000000d5a00000)
  from space 1024K, 63% used [0x00000000d5c00000,0x00000000d5ca1518,0x00000000d5d00000)
  to   space 1536K, 0% used [0x00000000d5a00000,0x00000000d5a00000,0x00000000d5b80000)
 ParOldGen       total 553984K, used 553598K [0x0000000080000000, 0x00000000a1d00000, 0x00000000d5580000)
  object space 553984K, 99% used [0x0000000080000000,0x00000000a1c9fb58,0x00000000a1d00000)
 Metaspace       used 70485K, committed 72000K, reserved 1114112K
  class space    used 7496K, committed 8128K, reserved 1048576K
}
Event: 346.567 GC heap before
{Heap before GC invocations=1156 (full 3):
 PSYoungGen      total 5632K, used 5253K [0x00000000d5580000, 0x00000000d5d00000, 0x0000000100000000)
  eden space 4608K, 100% used [0x00000000d5580000,0x00000000d5a00000,0x00000000d5a00000)
  from space 1024K, 63% used [0x00000000d5c00000,0x00000000d5ca1518,0x00000000d5d00000)
  to   space 1536K, 0% used [0x00000000d5a00000,0x00000000d5a00000,0x00000000d5b80000)
 ParOldGen       total 553984K, used 553598K [0x0000000080000000, 0x00000000a1d00000, 0x00000000d5580000)
  object space 553984K, 99% used [0x0000000080000000,0x00000000a1c9fb58,0x00000000a1d00000)
 Metaspace       used 70485K, committed 72000K, reserved 1114112K
  class space    used 7496K, committed 8128K, reserved 1048576K
}
Event: 346.573 GC heap after
{Heap after GC invocations=1156 (full 3):
 PSYoungGen      total 6144K, used 630K [0x00000000d5580000, 0x00000000d5c80000, 0x0000000100000000)
  eden space 4608K, 0% used [0x00000000d5580000,0x00000000d5580000,0x00000000d5a00000)
  from space 1536K, 41% used [0x00000000d5a00000,0x00000000d5a9d808,0x00000000d5b80000)
  to   space 1024K, 0% used [0x00000000d5b80000,0x00000000d5b80000,0x00000000d5c80000)
 ParOldGen       total 554496K, used 554168K [0x0000000080000000, 0x00000000a1d80000, 0x00000000d5580000)
  object space 554496K, 99% used [0x0000000080000000,0x00000000a1d2e168,0x00000000a1d80000)
 Metaspace       used 70485K, committed 72000K, reserved 1114112K
  class space    used 7496K, committed 8128K, reserved 1048576K
}
Event: 346.675 GC heap before
{Heap before GC invocations=1157 (full 3):
 PSYoungGen      total 6144K, used 5238K [0x00000000d5580000, 0x00000000d5c80000, 0x0000000100000000)
  eden space 4608K, 100% used [0x00000000d5580000,0x00000000d5a00000,0x00000000d5a00000)
  from space 1536K, 41% used [0x00000000d5a00000,0x00000000d5a9d808,0x00000000d5b80000)
  to   space 1024K, 0% used [0x00000000d5b80000,0x00000000d5b80000,0x00000000d5c80000)
 ParOldGen       total 554496K, used 554168K [0x0000000080000000, 0x00000000a1d80000, 0x00000000d5580000)
  object space 554496K, 99% used [0x0000000080000000,0x00000000a1d2e168,0x00000000a1d80000)
 Metaspace       used 70485K, committed 72000K, reserved 1114112K
  class space    used 7496K, committed 8128K, reserved 1048576K
}
Event: 346.683 GC heap after
{Heap after GC invocations=1157 (full 3):
 PSYoungGen      total 5632K, used 576K [0x00000000d5580000, 0x00000000d5c80000, 0x0000000100000000)
  eden space 4608K, 0% used [0x00000000d5580000,0x00000000d5580000,0x00000000d5a00000)
  from space 1024K, 56% used [0x00000000d5b80000,0x00000000d5c10000,0x00000000d5c80000)
  to   space 1024K, 0% used [0x00000000d5a80000,0x00000000d5a80000,0x00000000d5b80000)
 ParOldGen       total 555008K, used 554766K [0x0000000080000000, 0x00000000a1e00000, 0x00000000d5580000)
  object space 555008K, 99% used [0x0000000080000000,0x00000000a1dc3970,0x00000000a1e00000)
 Metaspace       used 70485K, committed 72000K, reserved 1114112K
  class space    used 7496K, committed 8128K, reserved 1048576K
}

